wear/build/intermediates/manifest_merge_blame_file/debug/processDebugMainManifest/manifest-merger-blame-debug-report.txt
1<?xml version="1.0" encoding="utf-8"?>
2<manifest xmlns:android="http://schemas.android.com/apk/res/android"
3    package="com.example.prueba.wear"
4    android:versionCode="1"
5    android:versionName="1.0" >
6
7    <uses-sdk
8        android:minSdkVersion="30"
9        android:targetSdkVersion="36" />
10
11    <uses-feature
11-->src\main\AndroidManifest.xml:4:5-6:35
12        android:name="android.hardware.type.watch"
12-->src\main\AndroidManifest.xml:5:9-51
13        android:required="true" />
13-->src\main\AndroidManifest.xml:6:9-32
14
15    <permission
15-->[androidx.core:core:1.13.1] AndroidManifest.xml:22:5-24:47
16        android:name="com.example.prueba.wear.DYNAMIC_RECEIVER_NOT_EXPORTED_PERMISSION"
16-->[androidx.core:core:1.13.1] AndroidManifest.xml:23:9-81
17        android:protectionLevel="signature" />
17-->[androidx.core:core:1.13.1] AndroidManifest.xml:24:9-44
18
19    <uses-permission android:name="com.example.prueba.wear.DYNAMIC_RECEIVER_NOT_EXPORTED_PERMISSION" />
19-->[androidx.core:core:1.13.1] AndroidManifest.xml:26:5-97
19-->[androidx.core:core:1.13.1] AndroidManifest.xml:26:22-94
20
21    <application
21-->src\main\AndroidManifest.xml:8:5-37:19
22        android:allowBackup="true"
22-->src\main\AndroidManifest.xml:9:9-35
23        android:appComponentFactory="androidx.core.app.CoreComponentFactory"
23-->[androidx.core:core:1.13.1] AndroidManifest.xml:28:18-86
24        android:debuggable="true"
25        android:extractNativeLibs="false"
26        android:icon="@mipmap/ic_launcher"
26-->src\main\AndroidManifest.xml:10:9-43
27        android:label="@string/app_name"
27-->src\main\AndroidManifest.xml:11:9-41
28        android:roundIcon="@mipmap/ic_launcher"
28-->src\main\AndroidManifest.xml:12:9-48
29        android:supportsRtl="true"
29-->src\main\AndroidManifest.xml:13:9-35
30        android:testOnly="true"
31        android:theme="@android:style/Theme.DeviceDefault" >
31-->src\main\AndroidManifest.xml:14:9-59
32        <meta-data
32-->src\main\AndroidManifest.xml:16:9-18:36
33            android:name="com.google.android.wearable.standalone"
33-->src\main\AndroidManifest.xml:17:13-66
34            android:value="true" />
34-->src\main\AndroidManifest.xml:18:13-33
35
36        <uses-library
36-->src\main\AndroidManifest.xml:20:9-22:40
37            android:name="com.google.android.wearable"
37-->src\main\AndroidManifest.xml:21:13-55
38            android:required="false" />
38-->src\main\AndroidManifest.xml:22:13-37
39
40        <activity
40-->src\main\AndroidManifest.xml:24:9-35:20
41            android:name="com.example.prueba.wear.MainActivity"
41-->src\main\AndroidManifest.xml:25:13-41
42            android:exported="true"
42-->src\main\AndroidManifest.xml:26:13-36
43            android:taskAffinity=""
43-->src\main\AndroidManifest.xml:27:13-36
44            android:theme="@android:style/Theme.DeviceDefault" >
44-->src\main\AndroidManifest.xml:28:13-63
45            <intent-filter>
45-->src\main\AndroidManifest.xml:30:13-33:29
46                <action android:name="android.intent.action.MAIN" />
46-->src\main\AndroidManifest.xml:31:17-69
46-->src\main\AndroidManifest.xml:31:25-66
47
48                <category android:name="android.intent.category.LAUNCHER" />
48-->src\main\AndroidManifest.xml:32:17-77
48-->src\main\AndroidManifest.xml:32:27-74
49            </intent-filter>
50        </activity>
51
52        <uses-library
52-->[androidx.wear.compose:compose-foundation:1.4.1] AndroidManifest.xml:23:9-25:40
53            android:name="wear-sdk"
53-->[androidx.wear.compose:compose-foundation:1.4.1] AndroidManifest.xml:24:13-36
54            android:required="false" />
54-->[androidx.wear.compose:compose-foundation:1.4.1] AndroidManifest.xml:25:13-37
55
56        <activity
56-->[androidx.compose.ui:ui-tooling-android:1.7.5] AndroidManifest.xml:23:9-25:39
57            android:name="androidx.compose.ui.tooling.PreviewActivity"
57-->[androidx.compose.ui:ui-tooling-android:1.7.5] AndroidManifest.xml:24:13-71
58            android:exported="true" />
58-->[androidx.compose.ui:ui-tooling-android:1.7.5] AndroidManifest.xml:25:13-36
59
60        <provider
60-->[androidx.emoji2:emoji2:1.3.0] AndroidManifest.xml:24:9-32:20
61            android:name="androidx.startup.InitializationProvider"
61-->[androidx.emoji2:emoji2:1.3.0] AndroidManifest.xml:25:13-67
62            android:authorities="com.example.prueba.wear.androidx-startup"
62-->[androidx.emoji2:emoji2:1.3.0] AndroidManifest.xml:26:13-68
63            android:exported="false" >
63-->[androidx.emoji2:emoji2:1.3.0] AndroidManifest.xml:27:13-37
64            <meta-data
64-->[androidx.emoji2:emoji2:1.3.0] AndroidManifest.xml:29:13-31:52
65                android:name="androidx.emoji2.text.EmojiCompatInitializer"
65-->[androidx.emoji2:emoji2:1.3.0] AndroidManifest.xml:30:17-75
66                android:value="androidx.startup" />
66-->[androidx.emoji2:emoji2:1.3.0] AndroidManifest.xml:31:17-49
67            <meta-data
67-->[androidx.lifecycle:lifecycle-process:2.8.6] AndroidManifest.xml:29:13-31:52
68                android:name="androidx.lifecycle.ProcessLifecycleInitializer"
68-->[androidx.lifecycle:lifecycle-process:2.8.6] AndroidManifest.xml:30:17-78
69                android:value="androidx.startup" />
69-->[androidx.lifecycle:lifecycle-process:2.8.6] AndroidManifest.xml:31:17-49
70            <meta-data
70-->[androidx.profileinstaller:profileinstaller:1.3.1] AndroidManifest.xml:29:13-31:52
71                android:name="androidx.profileinstaller.ProfileInstallerInitializer"
71-->[androidx.profileinstaller:profileinstaller:1.3.1] AndroidManifest.xml:30:17-85
72                android:value="androidx.startup" />
72-->[androidx.profileinstaller:profileinstaller:1.3.1] AndroidManifest.xml:31:17-49
73        </provider>
74
75        <receiver
75-->[androidx.profileinstaller:profileinstaller:1.3.1] AndroidManifest.xml:34:9-52:20
76            android:name="androidx.profileinstaller.ProfileInstallReceiver"
76-->[androidx.profileinstaller:profileinstaller:1.3.1] AndroidManifest.xml:35:13-76
77            android:directBootAware="false"
77-->[androidx.profileinstaller:profileinstaller:1.3.1] AndroidManifest.xml:36:13-44
78            android:enabled="true"
78-->[androidx.profileinstaller:profileinstaller:1.3.1] AndroidManifest.xml:37:13-35
79            android:exported="true"
79-->[androidx.profileinstaller:profileinstaller:1.3.1] AndroidManifest.xml:38:13-36
80            android:permission="android.permission.DUMP" >
80-->[androidx.profileinstaller:profileinstaller:1.3.1] AndroidManifest.xml:39:13-57
81            <intent-filter>
81-->[androidx.profileinstaller:profileinstaller:1.3.1] AndroidManifest.xml:40:13-42:29
82                <action android:name="androidx.profileinstaller.action.INSTALL_PROFILE" />
82-->[androidx.profileinstaller:profileinstaller:1.3.1] AndroidManifest.xml:41:17-91
82-->[androidx.profileinstaller:profileinstaller:1.3.1] AndroidManifest.xml:41:25-88
83            </intent-filter>
84            <intent-filter>
84-->[androidx.profileinstaller:profileinstaller:1.3.1] AndroidManifest.xml:43:13-45:29
85                <action android:name="androidx.profileinstaller.action.SKIP_FILE" />
85-->[androidx.profileinstaller:profileinstaller:1.3.1] AndroidManifest.xml:44:17-85
85-->[androidx.profileinstaller:profileinstaller:1.3.1] AndroidManifest.xml:44:25-82
86            </intent-filter>
87            <intent-filter>
87-->[androidx.profileinstaller:profileinstaller:1.3.1] AndroidManifest.xml:46:13-48:29
88                <action android:name="androidx.profileinstaller.action.SAVE_PROFILE" />
88-->[androidx.profileinstaller:profileinstaller:1.3.1] AndroidManifest.xml:47:17-88
88-->[androidx.profileinstaller:profileinstaller:1.3.1] AndroidManifest.xml:47:25-85
89            </intent-filter>
90            <intent-filter>
90-->[androidx.profileinstaller:profileinstaller:1.3.1] AndroidManifest.xml:49:13-51:29
91                <action android:name="androidx.profileinstaller.action.BENCHMARK_OPERATION" />
91-->[androidx.profileinstaller:profileinstaller:1.3.1] AndroidManifest.xml:50:17-95
91-->[androidx.profileinstaller:profileinstaller:1.3.1] AndroidManifest.xml:50:25-92
92            </intent-filter>
93        </receiver>
94    </application>
95
96</manifest>